<?xml version="1.0" encoding="UTF-8"?>
<!-- Generated by org.testng.reporters.JUnitReportReporter -->
<testsuite hostname="Windows81" name="PraticeTest.Demo" tests="1" failures="0" timestamp="22 Sep 2019 03:42:03 GMT" time="0.013" errors="0">
  <testcase name="m1" time="0.013" classname="PraticeTest.Demo"/>
</testsuite> <!-- PraticeTest.Demo -->
