<?xml version="1.0" encoding="UTF-8"?>
<!-- Generated by org.testng.reporters.JUnitReportReporter -->
<testsuite hostname="Windows81" name="RestAssuredPratice.RealGetReqTest" tests="1" failures="0" timestamp="5 Oct 2019 04:21:44 GMT" time="2.962" errors="0">
  <testcase name="testParameter" time="2.962" classname="RestAssuredPratice.RealGetReqTest"/>
</testsuite> <!-- RestAssuredPratice.RealGetReqTest -->
