<?xml version="1.0" encoding="UTF-8"?>
<!-- Generated by org.testng.reporters.JUnitReportReporter -->
<testsuite hostname="Windows81" name="RestAssuredPratice.DeleteRequestTest" tests="1" failures="0" timestamp="28 Sep 2019 03:57:17 GMT" time="1.972" errors="0">
  <testcase name="removeData" time="1.972" classname="RestAssuredPratice.DeleteRequestTest"/>
</testsuite> <!-- RestAssuredPratice.DeleteRequestTest -->
