<?xml version="1.0" encoding="UTF-8"?>
<!-- Generated by org.testng.reporters.JUnitReportReporter -->
<testsuite hostname="Windows81" name="RestAssuredPratice.GetRequestTest" tests="1" failures="0" timestamp="28 Sep 2019 05:18:57 GMT" time="4.392" errors="0">
  <testcase name="fetchAllPost" time="4.392" classname="RestAssuredPratice.GetRequestTest"/>
</testsuite> <!-- RestAssuredPratice.GetRequestTest -->
