<?xml version="1.0" encoding="UTF-8"?>
<!-- Generated by org.testng.reporters.JUnitReportReporter -->
<testsuite hostname="Windows81" name="RestAssuredPratice.PostRequestTest" tests="1" failures="0" timestamp="28 Sep 2019 04:21:54 GMT" time="5.148" errors="0">
  <testcase name="AddData" time="5.148" classname="RestAssuredPratice.PostRequestTest"/>
</testsuite> <!-- RestAssuredPratice.PostRequestTest -->
