<?xml version="1.0" encoding="UTF-8"?>
<!-- Generated by org.testng.reporters.JUnitReportReporter -->
<testsuite hostname="Windows81" name="RestAssuredPratice.GetExactDataTest" tests="1" failures="0" timestamp="5 Oct 2019 04:55:19 GMT" time="4.064" errors="0">
  <testcase name="fetch" time="4.064" classname="RestAssuredPratice.GetExactDataTest"/>
</testsuite> <!-- RestAssuredPratice.GetExactDataTest -->
