<?xml version="1.0" encoding="UTF-8"?>
<!-- Generated by org.testng.reporters.JUnitReportReporter -->
<testsuite hostname="Windows81" name="RestAssuredPratice.PathDemoTest" tests="1" failures="0" timestamp="29 Sep 2019 04:53:31 GMT" time="3.030" errors="0">
  <testcase name="pathdemo" time="3.030" classname="RestAssuredPratice.PathDemoTest"/>
</testsuite> <!-- RestAssuredPratice.PathDemoTest -->
