<?xml version="1.0" encoding="UTF-8"?>
<!-- Generated by org.testng.reporters.JUnitReportReporter -->
<testsuite hostname="Windows81" name="RestAssuredPratice.CheckAuthTest" tests="1" failures="0" timestamp="29 Sep 2019 05:24:07 GMT" time="3.764" errors="0">
  <testcase name="authcheck" time="3.764" classname="RestAssuredPratice.CheckAuthTest"/>
</testsuite> <!-- RestAssuredPratice.CheckAuthTest -->
