<?xml version="1.0" encoding="UTF-8"?>
<!-- Generated by org.testng.reporters.JUnitReportReporter -->
<testsuite hostname="Windows81" name="RestAssuredPratice.AssertionTest" tests="1" failures="0" timestamp="5 Oct 2019 05:26:36 GMT" time="2.506" errors="0">
  <testcase name="checkassert" time="2.506" classname="RestAssuredPratice.AssertionTest"/>
</testsuite> <!-- RestAssuredPratice.AssertionTest -->
