<?xml version="1.0" encoding="UTF-8"?>
<!-- Generated by org.testng.reporters.JUnitReportReporter -->
<testsuite hostname="Windows81" name="com.api.testScripts.AddData" tests="1" failures="0" timestamp="5 Oct 2019 07:16:53 GMT" time="2.301" errors="0">
  <testcase name="createResource" time="2.301" classname="com.api.testScripts.AddData"/>
</testsuite> <!-- com.api.testScripts.AddData -->
