<?xml version="1.0" encoding="UTF-8"?>
<!-- Generated by org.testng.reporters.JUnitReportReporter -->
<testsuite hostname="Windows81" name="RestWD.RestWD.DemoRun" tests="1" failures="0" timestamp="22 Sep 2019 04:20:39 GMT" time="0.010" errors="0">
  <testcase name="m1" time="0.010" classname="RestWD.RestWD.DemoRun"/>
</testsuite> <!-- RestWD.RestWD.DemoRun -->
